build/app/intermediates/manifest_merge_blame_file/debug/manifest-merger-blame-debug-report.txt
1<?xml version="1.0" encoding="utf-8"?>
2<manifest xmlns:android="http://schemas.android.com/apk/res/android"
3    package="com.mycompany.group28maeassignment"
4    android:versionCode="1"
5    android:versionName="1.0.0" >
6
7    <uses-sdk
8        android:minSdkVersion="21"
9        android:targetSdkVersion="34" />
10    <!--
11         Flutter needs it to communicate with the running application
12         to allow setting breakpoints, to provide hot reload, etc.
13    -->
14    <uses-permission android:name="android.permission.INTERNET" />
14-->src\main\AndroidManifest.xml:4:5-66
14-->src\main\AndroidManifest.xml:4:22-64
15    <uses-permission android:name="android.permission.CAMERA" />
15-->src\main\AndroidManifest.xml:5:5-64
15-->src\main\AndroidManifest.xml:5:22-62
16    <uses-permission android:name="android.permission.RECORD_AUDIO" />
16-->src\main\AndroidManifest.xml:6:5-71
16-->src\main\AndroidManifest.xml:6:22-68
17    <uses-permission
17-->src\main\AndroidManifest.xml:8:5-80
18        android:name="android.permission.READ_EXTERNAL_STORAGE"
18-->src\main\AndroidManifest.xml:8:22-77
19        android:maxSdkVersion="32" />
19-->[:file_picker] AndroidManifest.xml:11:9-35
20    <uses-permission android:name="android.permission.WRITE_EXTERNAL_STORAGE" />
20-->src\main\AndroidManifest.xml:9:5-81
20-->src\main\AndroidManifest.xml:9:22-78
21
22    <queries>
22-->[:file_picker] AndroidManifest.xml:13:5-19:15
23        <intent>
23-->[:file_picker] AndroidManifest.xml:14:9-18:18
24            <action android:name="android.intent.action.GET_CONTENT" />
24-->[:file_picker] AndroidManifest.xml:15:13-72
24-->[:file_picker] AndroidManifest.xml:15:21-69
25
26            <data android:mimeType="*/*" />
26-->src\main\AndroidManifest.xml:52:17-71
27        </intent>
28    </queries>
29
30    <uses-permission android:name="android.permission.ACCESS_NETWORK_STATE" />
30-->[com.google.firebase:firebase-auth:22.3.1] AndroidManifest.xml:26:5-79
30-->[com.google.firebase:firebase-auth:22.3.1] AndroidManifest.xml:26:22-76
31    <uses-permission android:name="com.google.android.providers.gsf.permission.READ_GSERVICES" />
31-->[com.google.android.recaptcha:recaptcha:18.4.0] AndroidManifest.xml:9:5-98
31-->[com.google.android.recaptcha:recaptcha:18.4.0] AndroidManifest.xml:9:22-95
32
33    <permission
33-->[androidx.core:core:1.10.1] AndroidManifest.xml:22:5-24:47
34        android:name="com.mycompany.group28maeassignment.DYNAMIC_RECEIVER_NOT_EXPORTED_PERMISSION"
34-->[androidx.core:core:1.10.1] AndroidManifest.xml:23:9-81
35        android:protectionLevel="signature" />
35-->[androidx.core:core:1.10.1] AndroidManifest.xml:24:9-44
36
37    <uses-permission android:name="com.mycompany.group28maeassignment.DYNAMIC_RECEIVER_NOT_EXPORTED_PERMISSION" />
37-->[androidx.core:core:1.10.1] AndroidManifest.xml:26:5-97
37-->[androidx.core:core:1.10.1] AndroidManifest.xml:26:22-94
38
39    <application
39-->src\main\AndroidManifest.xml:11:5-65:19
40        android:appComponentFactory="androidx.core.app.CoreComponentFactory"
40-->[androidx.core:core:1.10.1] AndroidManifest.xml:28:18-86
41        android:debuggable="true"
42        android:icon="@mipmap/ic_launcher"
42-->src\main\AndroidManifest.xml:14:9-43
43        android:label="MAE1"
43-->src\main\AndroidManifest.xml:12:9-29
44        android:requestLegacyExternalStorage="true" >
44-->src\main\AndroidManifest.xml:15:9-52
45        <activity
45-->src\main\AndroidManifest.xml:17:9-55:20
46            android:name="com.mycompany.group28maeassignment.MainActivity"
46-->src\main\AndroidManifest.xml:18:13-41
47            android:configChanges="orientation|keyboardHidden|keyboard|screenSize|smallestScreenSize|locale|layoutDirection|fontScale|screenLayout|density|uiMode"
47-->src\main\AndroidManifest.xml:22:13-163
48            android:exported="true"
48-->src\main\AndroidManifest.xml:19:13-36
49            android:hardwareAccelerated="true"
49-->src\main\AndroidManifest.xml:23:13-47
50            android:launchMode="singleTop"
50-->src\main\AndroidManifest.xml:20:13-43
51            android:theme="@style/LaunchTheme"
51-->src\main\AndroidManifest.xml:21:13-47
52            android:windowSoftInputMode="adjustResize" >
52-->src\main\AndroidManifest.xml:24:13-55
53
54            <!--
55                 Specifies an Android theme to apply to this Activity as soon as
56                 the Android process has started. This theme is visible to the user
57                 while the Flutter UI initializes. After that, this theme continues
58                 to determine the Window background behind the Flutter UI.
59            -->
60            <meta-data
60-->src\main\AndroidManifest.xml:29:13-32:17
61                android:name="io.flutter.embedding.android.NormalTheme"
61-->src\main\AndroidManifest.xml:30:15-70
62                android:resource="@style/NormalTheme" />
62-->src\main\AndroidManifest.xml:31:15-52
63            <!--
64                 Displays an Android View that continues showing the launch screen
65                 Drawable until Flutter paints its first frame, then this splash
66                 screen fades out. A splash screen is useful to avoid any visual
67                 gap between the end of Android's launch screen and the painting of
68                 Flutter's first frame.
69            -->
70            <meta-data
70-->src\main\AndroidManifest.xml:38:13-41:17
71                android:name="io.flutter.embedding.android.SplashScreenDrawable"
71-->src\main\AndroidManifest.xml:39:15-79
72                android:resource="@drawable/launch_background" />
72-->src\main\AndroidManifest.xml:40:15-61
73
74            <intent-filter>
74-->src\main\AndroidManifest.xml:42:13-45:29
75                <action android:name="android.intent.action.MAIN" />
75-->src\main\AndroidManifest.xml:43:17-68
75-->src\main\AndroidManifest.xml:43:25-66
76
77                <category android:name="android.intent.category.LAUNCHER" />
77-->src\main\AndroidManifest.xml:44:17-76
77-->src\main\AndroidManifest.xml:44:27-74
78            </intent-filter>
79            <!-- Deep linking -->
80            <meta-data
80-->src\main\AndroidManifest.xml:47:13-90
81                android:name="flutter_deeplinking_enabled"
81-->src\main\AndroidManifest.xml:47:24-66
82                android:value="true" />
82-->src\main\AndroidManifest.xml:47:67-87
83
84            <intent-filter android:autoVerify="true" >
84-->src\main\AndroidManifest.xml:48:13-53:29
84-->src\main\AndroidManifest.xml:48:28-53
85                <action android:name="android.intent.action.VIEW" />
85-->src\main\AndroidManifest.xml:49:17-69
85-->src\main\AndroidManifest.xml:49:25-66
86
87                <category android:name="android.intent.category.DEFAULT" />
87-->src\main\AndroidManifest.xml:50:17-76
87-->src\main\AndroidManifest.xml:50:27-73
88                <category android:name="android.intent.category.BROWSABLE" />
88-->src\main\AndroidManifest.xml:51:17-78
88-->src\main\AndroidManifest.xml:51:27-75
89
90                <data
90-->src\main\AndroidManifest.xml:52:17-71
91                    android:host="mae1.com"
91-->src\main\AndroidManifest.xml:52:45-68
92                    android:scheme="mae1" />
92-->src\main\AndroidManifest.xml:52:23-44
93            </intent-filter>
94        </activity>
95
96        <!--
97             Don't delete the meta-data below.
98             This is used by the Flutter tool to generate GeneratedPluginRegistrant.java
99        -->
100        <meta-data
100-->src\main\AndroidManifest.xml:59:9-61:33
101            android:name="flutterEmbedding"
101-->src\main\AndroidManifest.xml:60:13-44
102            android:value="2" />
102-->src\main\AndroidManifest.xml:61:13-30
103
104        <service
104-->[:firebase_performance] AndroidManifest.xml:12:9-16:19
105            android:name="com.google.firebase.components.ComponentDiscoveryService"
105-->[:firebase_performance] AndroidManifest.xml:12:18-89
106            android:directBootAware="true"
106-->[com.google.firebase:firebase-common:20.4.2] AndroidManifest.xml:32:13-43
107            android:exported="false" >
107-->[com.google.firebase:firebase-perf:20.5.1] AndroidManifest.xml:13:13-37
108            <meta-data
108-->[:firebase_performance] AndroidManifest.xml:13:13-15:85
109                android:name="com.google.firebase.components:io.flutter.plugins.firebase.performance.FlutterFirebaseAppRegistrar"
109-->[:firebase_performance] AndroidManifest.xml:14:17-130
110                android:value="com.google.firebase.components.ComponentRegistrar" />
110-->[:firebase_performance] AndroidManifest.xml:15:17-82
111            <meta-data
111-->[:cloud_firestore] AndroidManifest.xml:11:13-13:85
112                android:name="com.google.firebase.components:io.flutter.plugins.firebase.firestore.FlutterFirebaseFirestoreRegistrar"
112-->[:cloud_firestore] AndroidManifest.xml:12:17-134
113                android:value="com.google.firebase.components.ComponentRegistrar" />
113-->[:cloud_firestore] AndroidManifest.xml:13:17-82
114            <meta-data
114-->[:firebase_auth] AndroidManifest.xml:11:13-13:85
115                android:name="com.google.firebase.components:io.flutter.plugins.firebase.auth.FlutterFirebaseAuthRegistrar"
115-->[:firebase_auth] AndroidManifest.xml:12:17-124
116                android:value="com.google.firebase.components.ComponentRegistrar" />
116-->[:firebase_auth] AndroidManifest.xml:13:17-82
117            <meta-data
117-->[:firebase_storage] AndroidManifest.xml:11:13-13:85
118                android:name="com.google.firebase.components:io.flutter.plugins.firebase.storage.FlutterFirebaseAppRegistrar"
118-->[:firebase_storage] AndroidManifest.xml:12:17-126
119                android:value="com.google.firebase.components.ComponentRegistrar" />
119-->[:firebase_storage] AndroidManifest.xml:13:17-82
120            <meta-data
120-->[:firebase_core] AndroidManifest.xml:11:13-13:85
121                android:name="com.google.firebase.components:io.flutter.plugins.firebase.core.FlutterFirebaseCoreRegistrar"
121-->[:firebase_core] AndroidManifest.xml:12:17-124
122                android:value="com.google.firebase.components.ComponentRegistrar" />
122-->[:firebase_core] AndroidManifest.xml:13:17-82
123            <meta-data
123-->[com.google.firebase:firebase-perf:20.5.1] AndroidManifest.xml:14:13-16:85
124                android:name="com.google.firebase.components:com.google.firebase.perf.FirebasePerfKtxRegistrar"
124-->[com.google.firebase:firebase-perf:20.5.1] AndroidManifest.xml:15:17-112
125                android:value="com.google.firebase.components.ComponentRegistrar" />
125-->[com.google.firebase:firebase-perf:20.5.1] AndroidManifest.xml:16:17-82
126            <meta-data
126-->[com.google.firebase:firebase-perf:20.5.1] AndroidManifest.xml:17:13-19:85
127                android:name="com.google.firebase.components:com.google.firebase.perf.FirebasePerfRegistrar"
127-->[com.google.firebase:firebase-perf:20.5.1] AndroidManifest.xml:18:17-109
128                android:value="com.google.firebase.components.ComponentRegistrar" />
128-->[com.google.firebase:firebase-perf:20.5.1] AndroidManifest.xml:19:17-82
129            <meta-data
129-->[com.google.firebase:firebase-sessions:1.2.0] AndroidManifest.xml:29:13-31:85
130                android:name="com.google.firebase.components:com.google.firebase.sessions.FirebaseSessionsRegistrar"
130-->[com.google.firebase:firebase-sessions:1.2.0] AndroidManifest.xml:30:17-117
131                android:value="com.google.firebase.components.ComponentRegistrar" />
131-->[com.google.firebase:firebase-sessions:1.2.0] AndroidManifest.xml:31:17-82
132            <meta-data
132-->[com.google.firebase:firebase-auth:22.3.1] AndroidManifest.xml:69:13-71:85
133                android:name="com.google.firebase.components:com.google.firebase.auth.FirebaseAuthRegistrar"
133-->[com.google.firebase:firebase-auth:22.3.1] AndroidManifest.xml:70:17-109
134                android:value="com.google.firebase.components.ComponentRegistrar" />
134-->[com.google.firebase:firebase-auth:22.3.1] AndroidManifest.xml:71:17-82
135            <meta-data
135-->[com.google.firebase:firebase-firestore:24.10.1] AndroidManifest.xml:17:13-19:85
136                android:name="com.google.firebase.components:com.google.firebase.firestore.FirebaseFirestoreKtxRegistrar"
136-->[com.google.firebase:firebase-firestore:24.10.1] AndroidManifest.xml:18:17-122
137                android:value="com.google.firebase.components.ComponentRegistrar" />
137-->[com.google.firebase:firebase-firestore:24.10.1] AndroidManifest.xml:19:17-82
138            <meta-data
138-->[com.google.firebase:firebase-firestore:24.10.1] AndroidManifest.xml:20:13-22:85
139                android:name="com.google.firebase.components:com.google.firebase.firestore.FirestoreRegistrar"
139-->[com.google.firebase:firebase-firestore:24.10.1] AndroidManifest.xml:21:17-111
140                android:value="com.google.firebase.components.ComponentRegistrar" />
140-->[com.google.firebase:firebase-firestore:24.10.1] AndroidManifest.xml:22:17-82
141            <meta-data
141-->[com.google.firebase:firebase-storage:20.3.0] AndroidManifest.xml:30:13-32:85
142                android:name="com.google.firebase.components:com.google.firebase.storage.FirebaseStorageKtxRegistrar"
142-->[com.google.firebase:firebase-storage:20.3.0] AndroidManifest.xml:31:17-118
143                android:value="com.google.firebase.components.ComponentRegistrar" />
143-->[com.google.firebase:firebase-storage:20.3.0] AndroidManifest.xml:32:17-82
144            <meta-data
144-->[com.google.firebase:firebase-storage:20.3.0] AndroidManifest.xml:33:13-35:85
145                android:name="com.google.firebase.components:com.google.firebase.storage.StorageRegistrar"
145-->[com.google.firebase:firebase-storage:20.3.0] AndroidManifest.xml:34:17-107
146                android:value="com.google.firebase.components.ComponentRegistrar" />
146-->[com.google.firebase:firebase-storage:20.3.0] AndroidManifest.xml:35:17-82
147            <meta-data
147-->[com.google.firebase:firebase-config:21.6.0] AndroidManifest.xml:29:13-31:85
148                android:name="com.google.firebase.components:com.google.firebase.remoteconfig.FirebaseRemoteConfigKtxRegistrar"
148-->[com.google.firebase:firebase-config:21.6.0] AndroidManifest.xml:30:17-128
149                android:value="com.google.firebase.components.ComponentRegistrar" />
149-->[com.google.firebase:firebase-config:21.6.0] AndroidManifest.xml:31:17-82
150            <meta-data
150-->[com.google.firebase:firebase-config:21.6.0] AndroidManifest.xml:32:13-34:85
151                android:name="com.google.firebase.components:com.google.firebase.remoteconfig.RemoteConfigRegistrar"
151-->[com.google.firebase:firebase-config:21.6.0] AndroidManifest.xml:33:17-117
152                android:value="com.google.firebase.components.ComponentRegistrar" />
152-->[com.google.firebase:firebase-config:21.6.0] AndroidManifest.xml:34:17-82
153            <meta-data
153-->[com.google.firebase:firebase-installations:17.2.0] AndroidManifest.xml:15:13-17:85
154                android:name="com.google.firebase.components:com.google.firebase.installations.FirebaseInstallationsKtxRegistrar"
154-->[com.google.firebase:firebase-installations:17.2.0] AndroidManifest.xml:16:17-130
155                android:value="com.google.firebase.components.ComponentRegistrar" />
155-->[com.google.firebase:firebase-installations:17.2.0] AndroidManifest.xml:17:17-82
156            <meta-data
156-->[com.google.firebase:firebase-installations:17.2.0] AndroidManifest.xml:18:13-20:85
157                android:name="com.google.firebase.components:com.google.firebase.installations.FirebaseInstallationsRegistrar"
157-->[com.google.firebase:firebase-installations:17.2.0] AndroidManifest.xml:19:17-127
158                android:value="com.google.firebase.components.ComponentRegistrar" />
158-->[com.google.firebase:firebase-installations:17.2.0] AndroidManifest.xml:20:17-82
159            <meta-data
159-->[com.google.firebase:firebase-appcheck:17.1.1] AndroidManifest.xml:25:13-27:85
160                android:name="com.google.firebase.components:com.google.firebase.appcheck.FirebaseAppCheckKtxRegistrar"
160-->[com.google.firebase:firebase-appcheck:17.1.1] AndroidManifest.xml:26:17-120
161                android:value="com.google.firebase.components.ComponentRegistrar" />
161-->[com.google.firebase:firebase-appcheck:17.1.1] AndroidManifest.xml:27:17-82
162            <meta-data
162-->[com.google.firebase:firebase-appcheck:17.1.1] AndroidManifest.xml:28:13-30:85
163                android:name="com.google.firebase.components:com.google.firebase.appcheck.FirebaseAppCheckRegistrar"
163-->[com.google.firebase:firebase-appcheck:17.1.1] AndroidManifest.xml:29:17-117
164                android:value="com.google.firebase.components.ComponentRegistrar" />
164-->[com.google.firebase:firebase-appcheck:17.1.1] AndroidManifest.xml:30:17-82
165            <meta-data
165-->[com.google.firebase:firebase-common-ktx:20.4.2] AndroidManifest.xml:12:13-14:85
166                android:name="com.google.firebase.components:com.google.firebase.ktx.FirebaseCommonLegacyRegistrar"
166-->[com.google.firebase:firebase-common-ktx:20.4.2] AndroidManifest.xml:13:17-116
167                android:value="com.google.firebase.components.ComponentRegistrar" />
167-->[com.google.firebase:firebase-common-ktx:20.4.2] AndroidManifest.xml:14:17-82
168            <meta-data
168-->[com.google.firebase:firebase-datatransport:18.1.8] AndroidManifest.xml:27:13-29:85
169                android:name="com.google.firebase.components:com.google.firebase.datatransport.TransportRegistrar"
169-->[com.google.firebase:firebase-datatransport:18.1.8] AndroidManifest.xml:28:17-115
170                android:value="com.google.firebase.components.ComponentRegistrar" />
170-->[com.google.firebase:firebase-datatransport:18.1.8] AndroidManifest.xml:29:17-82
171            <meta-data
171-->[com.google.firebase:firebase-common:20.4.2] AndroidManifest.xml:35:13-37:85
172                android:name="com.google.firebase.components:com.google.firebase.FirebaseCommonKtxRegistrar"
172-->[com.google.firebase:firebase-common:20.4.2] AndroidManifest.xml:36:17-109
173                android:value="com.google.firebase.components.ComponentRegistrar" />
173-->[com.google.firebase:firebase-common:20.4.2] AndroidManifest.xml:37:17-82
174            <meta-data
174-->[com.google.firebase:firebase-abt:21.1.1] AndroidManifest.xml:12:13-14:85
175                android:name="com.google.firebase.components:com.google.firebase.abt.component.AbtRegistrar"
175-->[com.google.firebase:firebase-abt:21.1.1] AndroidManifest.xml:13:17-109
176                android:value="com.google.firebase.components.ComponentRegistrar" />
176-->[com.google.firebase:firebase-abt:21.1.1] AndroidManifest.xml:14:17-82
177        </service>
178
179        <provider
179-->[:image_picker_android] AndroidManifest.xml:10:9-18:20
180            android:name="io.flutter.plugins.imagepicker.ImagePickerFileProvider"
180-->[:image_picker_android] AndroidManifest.xml:11:13-82
181            android:authorities="com.mycompany.group28maeassignment.flutter.image_provider"
181-->[:image_picker_android] AndroidManifest.xml:12:13-74
182            android:exported="false"
182-->[:image_picker_android] AndroidManifest.xml:13:13-37
183            android:grantUriPermissions="true" >
183-->[:image_picker_android] AndroidManifest.xml:14:13-47
184            <meta-data
184-->[:image_picker_android] AndroidManifest.xml:15:13-17:75
185                android:name="android.support.FILE_PROVIDER_PATHS"
185-->[:image_picker_android] AndroidManifest.xml:16:17-67
186                android:resource="@xml/flutter_image_picker_file_paths" />
186-->[:image_picker_android] AndroidManifest.xml:17:17-72
187        </provider>
188
189        <activity
189-->[:url_launcher_android] AndroidManifest.xml:10:9-13:74
190            android:name="io.flutter.plugins.urllauncher.WebViewActivity"
190-->[:url_launcher_android] AndroidManifest.xml:11:13-74
191            android:exported="false"
191-->[:url_launcher_android] AndroidManifest.xml:12:13-37
192            android:theme="@android:style/Theme.NoTitleBar.Fullscreen" />
192-->[:url_launcher_android] AndroidManifest.xml:13:13-71
193
194        <service
194-->[com.google.firebase:firebase-sessions:1.2.0] AndroidManifest.xml:22:9-25:40
195            android:name="com.google.firebase.sessions.SessionLifecycleService"
195-->[com.google.firebase:firebase-sessions:1.2.0] AndroidManifest.xml:23:13-80
196            android:enabled="true"
196-->[com.google.firebase:firebase-sessions:1.2.0] AndroidManifest.xml:24:13-35
197            android:exported="false" />
197-->[com.google.firebase:firebase-sessions:1.2.0] AndroidManifest.xml:25:13-37
198
199        <activity
199-->[com.google.firebase:firebase-auth:22.3.1] AndroidManifest.xml:29:9-46:20
200            android:name="com.google.firebase.auth.internal.GenericIdpActivity"
200-->[com.google.firebase:firebase-auth:22.3.1] AndroidManifest.xml:30:13-80
201            android:excludeFromRecents="true"
201-->[com.google.firebase:firebase-auth:22.3.1] AndroidManifest.xml:31:13-46
202            android:exported="true"
202-->[com.google.firebase:firebase-auth:22.3.1] AndroidManifest.xml:32:13-36
203            android:launchMode="singleTask"
203-->[com.google.firebase:firebase-auth:22.3.1] AndroidManifest.xml:33:13-44
204            android:theme="@android:style/Theme.Translucent.NoTitleBar" >
204-->[com.google.firebase:firebase-auth:22.3.1] AndroidManifest.xml:34:13-72
205            <intent-filter>
205-->[com.google.firebase:firebase-auth:22.3.1] AndroidManifest.xml:35:13-45:29
206                <action android:name="android.intent.action.VIEW" />
206-->src\main\AndroidManifest.xml:49:17-69
206-->src\main\AndroidManifest.xml:49:25-66
207
208                <category android:name="android.intent.category.DEFAULT" />
208-->src\main\AndroidManifest.xml:50:17-76
208-->src\main\AndroidManifest.xml:50:27-73
209                <category android:name="android.intent.category.BROWSABLE" />
209-->src\main\AndroidManifest.xml:51:17-78
209-->src\main\AndroidManifest.xml:51:27-75
210
211                <data
211-->src\main\AndroidManifest.xml:52:17-71
212                    android:host="firebase.auth"
212-->src\main\AndroidManifest.xml:52:45-68
213                    android:path="/"
214                    android:scheme="genericidp" />
214-->src\main\AndroidManifest.xml:52:23-44
215            </intent-filter>
216        </activity>
217        <activity
217-->[com.google.firebase:firebase-auth:22.3.1] AndroidManifest.xml:47:9-64:20
218            android:name="com.google.firebase.auth.internal.RecaptchaActivity"
218-->[com.google.firebase:firebase-auth:22.3.1] AndroidManifest.xml:48:13-79
219            android:excludeFromRecents="true"
219-->[com.google.firebase:firebase-auth:22.3.1] AndroidManifest.xml:49:13-46
220            android:exported="true"
220-->[com.google.firebase:firebase-auth:22.3.1] AndroidManifest.xml:50:13-36
221            android:launchMode="singleTask"
221-->[com.google.firebase:firebase-auth:22.3.1] AndroidManifest.xml:51:13-44
222            android:theme="@android:style/Theme.Translucent.NoTitleBar" >
222-->[com.google.firebase:firebase-auth:22.3.1] AndroidManifest.xml:52:13-72
223            <intent-filter>
223-->[com.google.firebase:firebase-auth:22.3.1] AndroidManifest.xml:53:13-63:29
224                <action android:name="android.intent.action.VIEW" />
224-->src\main\AndroidManifest.xml:49:17-69
224-->src\main\AndroidManifest.xml:49:25-66
225
226                <category android:name="android.intent.category.DEFAULT" />
226-->src\main\AndroidManifest.xml:50:17-76
226-->src\main\AndroidManifest.xml:50:27-73
227                <category android:name="android.intent.category.BROWSABLE" />
227-->src\main\AndroidManifest.xml:51:17-78
227-->src\main\AndroidManifest.xml:51:27-75
228
229                <data
229-->src\main\AndroidManifest.xml:52:17-71
230                    android:host="firebase.auth"
230-->src\main\AndroidManifest.xml:52:45-68
231                    android:path="/"
232                    android:scheme="recaptcha" />
232-->src\main\AndroidManifest.xml:52:23-44
233            </intent-filter>
234        </activity>
235
236        <service
236-->[com.google.android.datatransport:transport-backend-cct:3.1.9] AndroidManifest.xml:28:9-34:19
237            android:name="com.google.android.datatransport.runtime.backends.TransportBackendDiscovery"
237-->[com.google.android.datatransport:transport-backend-cct:3.1.9] AndroidManifest.xml:29:13-103
238            android:exported="false" >
238-->[com.google.android.datatransport:transport-backend-cct:3.1.9] AndroidManifest.xml:30:13-37
239            <meta-data
239-->[com.google.android.datatransport:transport-backend-cct:3.1.9] AndroidManifest.xml:31:13-33:39
240                android:name="backend:com.google.android.datatransport.cct.CctBackendFactory"
240-->[com.google.android.datatransport:transport-backend-cct:3.1.9] AndroidManifest.xml:32:17-94
241                android:value="cct" />
241-->[com.google.android.datatransport:transport-backend-cct:3.1.9] AndroidManifest.xml:33:17-36
242        </service>
243
244        <activity
244-->[com.google.android.gms:play-services-auth:20.7.0] AndroidManifest.xml:23:9-27:75
245            android:name="com.google.android.gms.auth.api.signin.internal.SignInHubActivity"
245-->[com.google.android.gms:play-services-auth:20.7.0] AndroidManifest.xml:24:13-93
246            android:excludeFromRecents="true"
246-->[com.google.android.gms:play-services-auth:20.7.0] AndroidManifest.xml:25:13-46
247            android:exported="false"
247-->[com.google.android.gms:play-services-auth:20.7.0] AndroidManifest.xml:26:13-37
248            android:theme="@android:style/Theme.Translucent.NoTitleBar" />
248-->[com.google.android.gms:play-services-auth:20.7.0] AndroidManifest.xml:27:13-72
249        <!--
250            Service handling Google Sign-In user revocation. For apps that do not integrate with
251            Google Sign-In, this service will never be started.
252        -->
253        <service
253-->[com.google.android.gms:play-services-auth:20.7.0] AndroidManifest.xml:33:9-37:51
254            android:name="com.google.android.gms.auth.api.signin.RevocationBoundService"
254-->[com.google.android.gms:play-services-auth:20.7.0] AndroidManifest.xml:34:13-89
255            android:exported="true"
255-->[com.google.android.gms:play-services-auth:20.7.0] AndroidManifest.xml:35:13-36
256            android:permission="com.google.android.gms.auth.api.signin.permission.REVOCATION_NOTIFICATION"
256-->[com.google.android.gms:play-services-auth:20.7.0] AndroidManifest.xml:36:13-107
257            android:visibleToInstantApps="true" />
257-->[com.google.android.gms:play-services-auth:20.7.0] AndroidManifest.xml:37:13-48
258
259        <activity
259-->[com.google.android.gms:play-services-base:18.0.1] AndroidManifest.xml:20:9-22:45
260            android:name="com.google.android.gms.common.api.GoogleApiActivity"
260-->[com.google.android.gms:play-services-base:18.0.1] AndroidManifest.xml:20:19-85
261            android:exported="false"
261-->[com.google.android.gms:play-services-base:18.0.1] AndroidManifest.xml:22:19-43
262            android:theme="@android:style/Theme.Translucent.NoTitleBar" />
262-->[com.google.android.gms:play-services-base:18.0.1] AndroidManifest.xml:21:19-78
263
264        <provider
264-->[com.google.firebase:firebase-common:20.4.2] AndroidManifest.xml:23:9-28:39
265            android:name="com.google.firebase.provider.FirebaseInitProvider"
265-->[com.google.firebase:firebase-common:20.4.2] AndroidManifest.xml:24:13-77
266            android:authorities="com.mycompany.group28maeassignment.firebaseinitprovider"
266-->[com.google.firebase:firebase-common:20.4.2] AndroidManifest.xml:25:13-72
267            android:directBootAware="true"
267-->[com.google.firebase:firebase-common:20.4.2] AndroidManifest.xml:26:13-43
268            android:exported="false"
268-->[com.google.firebase:firebase-common:20.4.2] AndroidManifest.xml:27:13-37
269            android:initOrder="100" />
269-->[com.google.firebase:firebase-common:20.4.2] AndroidManifest.xml:28:13-36
270
271        <meta-data
271-->[com.google.android.gms:play-services-basement:18.2.0] AndroidManifest.xml:21:9-23:69
272            android:name="com.google.android.gms.version"
272-->[com.google.android.gms:play-services-basement:18.2.0] AndroidManifest.xml:22:13-58
273            android:value="@integer/google_play_services_version" />
273-->[com.google.android.gms:play-services-basement:18.2.0] AndroidManifest.xml:23:13-66
274
275        <uses-library
275-->[androidx.window:window:1.0.0-beta04] AndroidManifest.xml:25:9-27:40
276            android:name="androidx.window.extensions"
276-->[androidx.window:window:1.0.0-beta04] AndroidManifest.xml:26:13-54
277            android:required="false" />
277-->[androidx.window:window:1.0.0-beta04] AndroidManifest.xml:27:13-37
278        <uses-library
278-->[androidx.window:window:1.0.0-beta04] AndroidManifest.xml:28:9-30:40
279            android:name="androidx.window.sidecar"
279-->[androidx.window:window:1.0.0-beta04] AndroidManifest.xml:29:13-51
280            android:required="false" />
280-->[androidx.window:window:1.0.0-beta04] AndroidManifest.xml:30:13-37
281
282        <provider
282-->[androidx.lifecycle:lifecycle-process:2.6.1] AndroidManifest.xml:24:9-32:20
283            android:name="androidx.startup.InitializationProvider"
283-->[androidx.lifecycle:lifecycle-process:2.6.1] AndroidManifest.xml:25:13-67
284            android:authorities="com.mycompany.group28maeassignment.androidx-startup"
284-->[androidx.lifecycle:lifecycle-process:2.6.1] AndroidManifest.xml:26:13-68